<?xml version="1.0" encoding="UTF-8"?>
<testsuites name="Amazon_Recording_Scenarios_001" time="91.126" tests="4" failures="1" errors="0">
   <testsuite name="Amazon_Recording_Scenarios_001" tests="4" failures="1" errors="0" time="91.126" skipped="0" timestamp="09-02-2024T02:12:08" hostname="itsam - Sai_Prakash" id="Test Suites/Amazon_Test_Suite_Recording_Modes/Amazon_Recording_Scenarios_001">
      <properties>
         <property name="deviceName" value=""/>
         <property name="devicePlatform" value=""/>
         <property name="logFolder" value="C:\\Users\\itsam\\git\\Amazon_Katalon_SI_Project\\Reports\\20240209_021200\\Amazon_Test_Suite_Recording_Modes\\Amazon_Recording_Scenarios_001\\20240209_021200"/>
         <property name="logFiles" value="C:\\Users\\itsam\\git\\Amazon_Katalon_SI_Project\\Reports\\20240209_021200\\Amazon_Test_Suite_Recording_Modes\\Amazon_Recording_Scenarios_001\\20240209_021200\\execution0.log"/>
         <property name="attachments" value="C:\\Users\\itsam\\git\\Amazon_Katalon_SI_Project\\Reports\\20240209_021200\\Amazon_Test_Suite_Recording_Modes\\Amazon_Recording_Scenarios_001\\20240209_021200\\1707424964764.png"/>
         <property name="hostName" value="itsam - Sai_Prakash"/>
         <property name="os" value="Windows 11 64bit"/>
         <property name="katalonVersion" value="9.3.0.212"/>
         <property name="browser" value="Chrome 121.0.0.0"/>
         <property name="hostAddress" value="192.168.29.203"/>
         <property name="sessionId" value="22ad8af15826331a7a46bbfb8b2ee0ae"/>
         <property name="seleniumVersion" value="3.141.59"/>
         <property name="proxyInformation" value="ProxyInformation { proxyOption=NO_PROXY, proxyServerType=HTTP, username=, password=********, proxyServerAddress=, proxyServerPort=0, executionList=&quot;&quot;, isApplyToDesiredCapabilities=true }"/>
         <property name="platform" value="Windows 11"/>
      </properties>
      <testcase name="Test Cases/Amazon_Test_Cases/TC_Amazon_AddtoCart_003" time="32.661" classname="Test Cases/Amazon_Test_Cases/TC_Amazon_AddtoCart_003" status="PASSED">
         <system-out><![CDATA[09-02-2024T02:12:08 - [TEST_CASE][PASSED] - Test Cases/Amazon_Test_Cases/TC_Amazon_AddtoCart_003: Test Cases/Amazon_Test_Cases/TC_Amazon_AddtoCart_003

09-02-2024T02:12:09 - [TEST_STEP][PASSED] - openBrowser(""): Browser is opened with url: ''

09-02-2024T02:12:09 - [MESSAGE][INFO] - Starting 'Chrome' driver

09-02-2024T02:12:09 - [MESSAGE][INFO] - Action delay is set to 0 milliseconds

09-02-2024T02:12:12 - [MESSAGE][PASSED] - Browser is opened with url: ''

09-02-2024T02:12:12 - [TEST_STEP][PASSED] - navigateToUrl("https://www.amazon.com/"): Navigate to 'https://www.amazon.com/' successfully

09-02-2024T02:12:14 - [MESSAGE][PASSED] - Navigate to 'https://www.amazon.com/' successfully

09-02-2024T02:12:14 - [TEST_STEP][PASSED] - maximizeWindow(): Current window maximized

09-02-2024T02:12:14 - [MESSAGE][PASSED] - Current window maximized

09-02-2024T02:12:14 - [TEST_STEP][PASSED] - selectOptionByValue(findTestObject("Object Repository/Amazon_Add_To_Cart_OR/Page_Amazon.com. Spend less. Smile more/select_All Departments        Arts  Crafts _135c92"), "search-alias=stripbooks-intl-ship", true): All options with value 'search-alias=stripbooks-intl-ship' are selected in object 'Object Repository/Amazon_Add_To_Cart_OR/Page_Amazon.com. Spend less. Smile more/select_All Departments        Arts  Crafts _135c92'  using regular expression

09-02-2024T02:12:25 - [MESSAGE][PASSED] - All options with value 'search-alias=stripbooks-intl-ship' are selected in object 'Object Repository/Amazon_Add_To_Cart_OR/Page_Amazon.com. Spend less. Smile more/select_All Departments        Arts  Crafts _135c92'  using regular expression

09-02-2024T02:12:25 - [TEST_STEP][PASSED] - setText(findTestObject("Object Repository/Amazon_Add_To_Cart_OR/Page_Amazon.com. Spend less. Smile more/input_Search Amazon_field-keywords"), "wings of fire by apj abdul kalam"): Text 'wings of fire by apj abdul kalam' is set on object 'Object Repository/Amazon_Add_To_Cart_OR/Page_Amazon.com. Spend less. Smile more/input_Search Amazon_field-keywords'

09-02-2024T02:12:26 - [MESSAGE][PASSED] - Text 'wings of fire by apj abdul kalam' is set on object 'Object Repository/Amazon_Add_To_Cart_OR/Page_Amazon.com. Spend less. Smile more/input_Search Amazon_field-keywords'

09-02-2024T02:12:26 - [TEST_STEP][PASSED] - click(findTestObject("Object Repository/Amazon_Add_To_Cart_OR/Page_Amazon.com. Spend less. Smile more/input_Search Amazon_nav-search-submit-button")): Object: 'Object Repository/Amazon_Add_To_Cart_OR/Page_Amazon.com. Spend less. Smile more/input_Search Amazon_nav-search-submit-button' is clicked on

09-02-2024T02:12:34 - [MESSAGE][PASSED] - Object: 'Object Repository/Amazon_Add_To_Cart_OR/Page_Amazon.com. Spend less. Smile more/input_Search Amazon_nav-search-submit-button' is clicked on

09-02-2024T02:12:34 - [TEST_STEP][PASSED] - click(findTestObject("Object Repository/Amazon_Add_To_Cart_OR/Page_Amazon.com  wings of fire by apj abdul kalam/span_Wings of fire An autobiography")): Object: 'Object Repository/Amazon_Add_To_Cart_OR/Page_Amazon.com  wings of fire by apj abdul kalam/span_Wings of fire An autobiography' is clicked on

09-02-2024T02:12:39 - [MESSAGE][PASSED] - Object: 'Object Repository/Amazon_Add_To_Cart_OR/Page_Amazon.com  wings of fire by apj abdul kalam/span_Wings of fire An autobiography' is clicked on

09-02-2024T02:12:39 - [TEST_STEP][PASSED] - click(findTestObject("Object Repository/Amazon_Add_To_Cart_OR/Page_Wings of fire An autobiography A. P. J_a51136/input_Not added_a-button-input")): Object: 'Object Repository/Amazon_Add_To_Cart_OR/Page_Wings of fire An autobiography A. P. J_a51136/input_Not added_a-button-input' is clicked on

09-02-2024T02:12:41 - [MESSAGE][PASSED] - Object: 'Object Repository/Amazon_Add_To_Cart_OR/Page_Wings of fire An autobiography A. P. J_a51136/input_Not added_a-button-input' is clicked on

09-02-2024T02:12:41 - [TEST_STEP][PASSED] - closeBrowser(): Browser is closed

09-02-2024T02:12:41 - [MESSAGE][PASSED] - Browser is closed]]></system-out>
         <system-err><![CDATA[]]></system-err>
      </testcase>
      <testcase name="Test Cases/Amazon_Test_Cases/TC_Amazon_DeleteItemFromCart_005" time="3.425" classname="Test Cases/Amazon_Test_Cases/TC_Amazon_DeleteItemFromCart_005" status="FAILED">
         <failure type="FAILED" message="Test Cases/Amazon_Test_Cases/TC_Amazon_DeleteItemFromCart_005 FAILED.&#xa;Reason:&#xa;com.kms.katalon.core.exception.StepFailedException: Unable to set text&#xa;	at com.kms.katalon.core.webui.keyword.internal.WebUIKeywordMain.stepFailed(WebUIKeywordMain.groovy:64)&#xa;	at com.kms.katalon.core.webui.keyword.internal.WebUIKeywordMain.runKeyword(WebUIKeywordMain.groovy:26)&#xa;	at com.kms.katalon.core.webui.keyword.builtin.SetTextKeyword.setText(SetTextKeyword.groovy:85)&#xa;	at com.kms.katalon.core.webui.keyword.builtin.SetTextKeyword.execute(SetTextKeyword.groovy:39)&#xa;	at com.kms.katalon.core.keyword.internal.KeywordExecutor.executeKeywordForPlatform(KeywordExecutor.groovy:74)&#xa;	at com.kms.katalon.core.webui.keyword.WebUiBuiltInKeywords.setText(WebUiBuiltInKeywords.groovy:1019)&#xa;	at TC_Amazon_DeleteItemFromCart_005.run(TC_Amazon_DeleteItemFromCart_005:24)&#xa;	at com.kms.katalon.core.main.ScriptEngine.run(ScriptEngine.java:194)&#xa;	at com.kms.katalon.core.main.ScriptEngine.runScriptAsRawText(ScriptEngine.java:119)&#xa;	at com.kms.katalon.core.main.TestCaseExecutor.runScript(TestCaseExecutor.java:448)&#xa;	at com.kms.katalon.core.main.TestCaseExecutor.doExecute(TestCaseExecutor.java:439)&#xa;	at com.kms.katalon.core.main.TestCaseExecutor.processExecutionPhase(TestCaseExecutor.java:418)&#xa;	at com.kms.katalon.core.main.TestCaseExecutor.accessMainPhase(TestCaseExecutor.java:410)&#xa;	at com.kms.katalon.core.main.TestCaseExecutor.execute(TestCaseExecutor.java:285)&#xa;	at com.kms.katalon.core.common.CommonExecutor.accessTestCaseMainPhase(CommonExecutor.java:65)&#xa;	at com.kms.katalon.core.main.TestSuiteExecutor.accessTestSuiteMainPhase(TestSuiteExecutor.java:148)&#xa;	at com.kms.katalon.core.main.TestSuiteExecutor.execute(TestSuiteExecutor.java:106)&#xa;	at com.kms.katalon.core.main.TestCaseMain.startTestSuite(TestCaseMain.java:180)&#xa;	at TempTestSuite1707424920374.run(TempTestSuite1707424920374.groovy:36)&#xa;	at java.base/jdk.internal.reflect.NativeMethodAccessorImpl.invoke0(Native Method)&#xa;	at java.base/jdk.internal.reflect.NativeMethodAccessorImpl.invoke(NativeMethodAccessorImpl.java:77)&#xa;	at java.base/jdk.internal.reflect.DelegatingMethodAccessorImpl.invoke(DelegatingMethodAccessorImpl.java:43)&#xa;Caused by: java.lang.IllegalArgumentException: Object is null&#xa;	at com.kms.katalon.core.helper.KeywordHelper.checkTestObjectParameter(KeywordHelper.java:33)&#xa;	at com.kms.katalon.core.webui.keyword.builtin.SetTextKeyword$_setText_closure1.doCall(SetTextKeyword.groovy:47)&#xa;	at com.kms.katalon.core.webui.keyword.builtin.SetTextKeyword$_setText_closure1.call(SetTextKeyword.groovy)&#xa;	at com.kms.katalon.core.webui.keyword.internal.WebUIKeywordMain.runKeyword(WebUIKeywordMain.groovy:20)&#xa;	... 20 more&#xa;"/>
         <system-out><![CDATA[09-02-2024T02:12:41 - [TEST_CASE][FAILED] - Test Cases/Amazon_Test_Cases/TC_Amazon_DeleteItemFromCart_005: Test Cases/Amazon_Test_Cases/TC_Amazon_DeleteItemFromCart_005 FAILED.
Reason:
com.kms.katalon.core.exception.StepFailedException: Unable to set text
	at com.kms.katalon.core.webui.keyword.internal.WebUIKeywordMain.stepFailed(WebUIKeywordMain.groovy:64)
	at com.kms.katalon.core.webui.keyword.internal.WebUIKeywordMain.runKeyword(WebUIKeywordMain.groovy:26)
	at com.kms.katalon.core.webui.keyword.builtin.SetTextKeyword.setText(SetTextKeyword.groovy:85)
	at com.kms.katalon.core.webui.keyword.builtin.SetTextKeyword.execute(SetTextKeyword.groovy:39)
	at com.kms.katalon.core.keyword.internal.KeywordExecutor.executeKeywordForPlatform(KeywordExecutor.groovy:74)
	at com.kms.katalon.core.webui.keyword.WebUiBuiltInKeywords.setText(WebUiBuiltInKeywords.groovy:1019)
	at TC_Amazon_DeleteItemFromCart_005.run(TC_Amazon_DeleteItemFromCart_005:24)
	at com.kms.katalon.core.main.ScriptEngine.run(ScriptEngine.java:194)
	at com.kms.katalon.core.main.ScriptEngine.runScriptAsRawText(ScriptEngine.java:119)
	at com.kms.katalon.core.main.TestCaseExecutor.runScript(TestCaseExecutor.java:448)
	at com.kms.katalon.core.main.TestCaseExecutor.doExecute(TestCaseExecutor.java:439)
	at com.kms.katalon.core.main.TestCaseExecutor.processExecutionPhase(TestCaseExecutor.java:418)
	at com.kms.katalon.core.main.TestCaseExecutor.accessMainPhase(TestCaseExecutor.java:410)
	at com.kms.katalon.core.main.TestCaseExecutor.execute(TestCaseExecutor.java:285)
	at com.kms.katalon.core.common.CommonExecutor.accessTestCaseMainPhase(CommonExecutor.java:65)
	at com.kms.katalon.core.main.TestSuiteExecutor.accessTestSuiteMainPhase(TestSuiteExecutor.java:148)
	at com.kms.katalon.core.main.TestSuiteExecutor.execute(TestSuiteExecutor.java:106)
	at com.kms.katalon.core.main.TestCaseMain.startTestSuite(TestCaseMain.java:180)
	at TempTestSuite1707424920374.run(TempTestSuite1707424920374.groovy:36)
	at java.base/jdk.internal.reflect.NativeMethodAccessorImpl.invoke0(Native Method)
	at java.base/jdk.internal.reflect.NativeMethodAccessorImpl.invoke(NativeMethodAccessorImpl.java:77)
	at java.base/jdk.internal.reflect.DelegatingMethodAccessorImpl.invoke(DelegatingMethodAccessorImpl.java:43)
Caused by: java.lang.IllegalArgumentException: Object is null
	at com.kms.katalon.core.helper.KeywordHelper.checkTestObjectParameter(KeywordHelper.java:33)
	at com.kms.katalon.core.webui.keyword.builtin.SetTextKeyword$_setText_closure1.doCall(SetTextKeyword.groovy:47)
	at com.kms.katalon.core.webui.keyword.builtin.SetTextKeyword$_setText_closure1.call(SetTextKeyword.groovy)
	at com.kms.katalon.core.webui.keyword.internal.WebUIKeywordMain.runKeyword(WebUIKeywordMain.groovy:20)
	... 20 more


09-02-2024T02:12:41 - [TEST_STEP][PASSED] - openBrowser(""): Browser is opened with url: ''

09-02-2024T02:12:41 - [MESSAGE][INFO] - Starting 'Chrome' driver

09-02-2024T02:12:41 - [MESSAGE][INFO] - Action delay is set to 0 milliseconds

09-02-2024T02:12:42 - [MESSAGE][PASSED] - Browser is opened with url: ''

09-02-2024T02:12:42 - [TEST_STEP][PASSED] - navigateToUrl("https://www.amazon.com/"): Navigate to 'https://www.amazon.com/' successfully

09-02-2024T02:12:44 - [MESSAGE][PASSED] - Navigate to 'https://www.amazon.com/' successfully

09-02-2024T02:12:44 - [TEST_STEP][FAILED] - setText(findTestObject("Object Repository/Amazon_delete_item_from_cart_TC005/Page_Amazon.com. Spend less. Smile more/input_field-keywords"), "chemistry book"): Unable to set text (Root cause: com.kms.katalon.core.exception.StepFailedException: Unable to set text
	at com.kms.katalon.core.webui.keyword.internal.WebUIKeywordMain.stepFailed(WebUIKeywordMain.groovy:64)
	at com.kms.katalon.core.webui.keyword.internal.WebUIKeywordMain.runKeyword(WebUIKeywordMain.groovy:26)
	at com.kms.katalon.core.webui.keyword.builtin.SetTextKeyword.setText(SetTextKeyword.groovy:85)
	at com.kms.katalon.core.webui.keyword.builtin.SetTextKeyword.execute(SetTextKeyword.groovy:39)
	at com.kms.katalon.core.keyword.internal.KeywordExecutor.executeKeywordForPlatform(KeywordExecutor.groovy:74)
	at com.kms.katalon.core.webui.keyword.WebUiBuiltInKeywords.setText(WebUiBuiltInKeywords.groovy:1019)
	at TC_Amazon_DeleteItemFromCart_005.run(TC_Amazon_DeleteItemFromCart_005:24)
	at com.kms.katalon.core.main.ScriptEngine.run(ScriptEngine.java:194)
	at com.kms.katalon.core.main.ScriptEngine.runScriptAsRawText(ScriptEngine.java:119)
	at com.kms.katalon.core.main.TestCaseExecutor.runScript(TestCaseExecutor.java:448)
	at com.kms.katalon.core.main.TestCaseExecutor.doExecute(TestCaseExecutor.java:439)
	at com.kms.katalon.core.main.TestCaseExecutor.processExecutionPhase(TestCaseExecutor.java:418)
	at com.kms.katalon.core.main.TestCaseExecutor.accessMainPhase(TestCaseExecutor.java:410)
	at com.kms.katalon.core.main.TestCaseExecutor.execute(TestCaseExecutor.java:285)
	at com.kms.katalon.core.common.CommonExecutor.accessTestCaseMainPhase(CommonExecutor.java:65)
	at com.kms.katalon.core.main.TestSuiteExecutor.accessTestSuiteMainPhase(TestSuiteExecutor.java:148)
	at com.kms.katalon.core.main.TestSuiteExecutor.execute(TestSuiteExecutor.java:106)
	at com.kms.katalon.core.main.TestCaseMain.startTestSuite(TestCaseMain.java:180)
	at TempTestSuite1707424920374.run(TempTestSuite1707424920374.groovy:36)
	at java.base/jdk.internal.reflect.NativeMethodAccessorImpl.invoke0(Native Method)
	at java.base/jdk.internal.reflect.NativeMethodAccessorImpl.invoke(NativeMethodAccessorImpl.java:77)
	at java.base/jdk.internal.reflect.DelegatingMethodAccessorImpl.invoke(DelegatingMethodAccessorImpl.java:43)
Caused by: java.lang.IllegalArgumentException: Object is null
	at com.kms.katalon.core.helper.KeywordHelper.checkTestObjectParameter(KeywordHelper.java:33)
	at com.kms.katalon.core.webui.keyword.builtin.SetTextKeyword$_setText_closure1.doCall(SetTextKeyword.groovy:47)
	at com.kms.katalon.core.webui.keyword.builtin.SetTextKeyword$_setText_closure1.call(SetTextKeyword.groovy)
	at com.kms.katalon.core.webui.keyword.internal.WebUIKeywordMain.runKeyword(WebUIKeywordMain.groovy:20)
	at com.kms.katalon.core.webui.keyword.builtin.SetTextKeyword.setText(SetTextKeyword.groovy:85)
	at com.kms.katalon.core.webui.keyword.builtin.SetTextKeyword.execute(SetTextKeyword.groovy:39)
	at com.kms.katalon.core.keyword.internal.KeywordExecutor.executeKeywordForPlatform(KeywordExecutor.groovy:74)
	at com.kms.katalon.core.webui.keyword.WebUiBuiltInKeywords.setText(WebUiBuiltInKeywords.groovy:1019)
	at Script1707413896118.run(Script1707413896118.groovy:24)
	... 15 more
)

09-02-2024T02:12:44 - [MESSAGE][WARNING] - Test object with id 'Object Repository/Amazon_delete_item_from_cart_TC005/Page_Amazon.com. Spend less. Smile more/input_field-keywords' does not exist

09-02-2024T02:12:44 - [MESSAGE][WARNING] - Test object with id 'Object Repository/' does not exist

09-02-2024T02:12:44 - [MESSAGE][FAILED] - Unable to set text (Root cause: com.kms.katalon.core.exception.StepFailedException: Unable to set text
	at com.kms.katalon.core.webui.keyword.internal.WebUIKeywordMain.stepFailed(WebUIKeywordMain.groovy:64)
	at com.kms.katalon.core.webui.keyword.internal.WebUIKeywordMain.runKeyword(WebUIKeywordMain.groovy:26)
	at com.kms.katalon.core.webui.keyword.builtin.SetTextKeyword.setText(SetTextKeyword.groovy:85)
	at com.kms.katalon.core.webui.keyword.builtin.SetTextKeyword.execute(SetTextKeyword.groovy:39)
	at com.kms.katalon.core.keyword.internal.KeywordExecutor.executeKeywordForPlatform(KeywordExecutor.groovy:74)
	at com.kms.katalon.core.webui.keyword.WebUiBuiltInKeywords.setText(WebUiBuiltInKeywords.groovy:1019)
	at TC_Amazon_DeleteItemFromCart_005.run(TC_Amazon_DeleteItemFromCart_005:24)
	at com.kms.katalon.core.main.ScriptEngine.run(ScriptEngine.java:194)
	at com.kms.katalon.core.main.ScriptEngine.runScriptAsRawText(ScriptEngine.java:119)
	at com.kms.katalon.core.main.TestCaseExecutor.runScript(TestCaseExecutor.java:448)
	at com.kms.katalon.core.main.TestCaseExecutor.doExecute(TestCaseExecutor.java:439)
	at com.kms.katalon.core.main.TestCaseExecutor.processExecutionPhase(TestCaseExecutor.java:418)
	at com.kms.katalon.core.main.TestCaseExecutor.accessMainPhase(TestCaseExecutor.java:410)
	at com.kms.katalon.core.main.TestCaseExecutor.execute(TestCaseExecutor.java:285)
	at com.kms.katalon.core.common.CommonExecutor.accessTestCaseMainPhase(CommonExecutor.java:65)
	at com.kms.katalon.core.main.TestSuiteExecutor.accessTestSuiteMainPhase(TestSuiteExecutor.java:148)
	at com.kms.katalon.core.main.TestSuiteExecutor.execute(TestSuiteExecutor.java:106)
	at com.kms.katalon.core.main.TestCaseMain.startTestSuite(TestCaseMain.java:180)
	at TempTestSuite1707424920374.run(TempTestSuite1707424920374.groovy:36)
	at java.base/jdk.internal.reflect.NativeMethodAccessorImpl.invoke0(Native Method)
	at java.base/jdk.internal.reflect.NativeMethodAccessorImpl.invoke(NativeMethodAccessorImpl.java:77)
	at java.base/jdk.internal.reflect.DelegatingMethodAccessorImpl.invoke(DelegatingMethodAccessorImpl.java:43)
Caused by: java.lang.IllegalArgumentException: Object is null
	at com.kms.katalon.core.helper.KeywordHelper.checkTestObjectParameter(KeywordHelper.java:33)
	at com.kms.katalon.core.webui.keyword.builtin.SetTextKeyword$_setText_closure1.doCall(SetTextKeyword.groovy:47)
	at com.kms.katalon.core.webui.keyword.builtin.SetTextKeyword$_setText_closure1.call(SetTextKeyword.groovy)
	at com.kms.katalon.core.webui.keyword.internal.WebUIKeywordMain.runKeyword(WebUIKeywordMain.groovy:20)
	at com.kms.katalon.core.webui.keyword.builtin.SetTextKeyword.setText(SetTextKeyword.groovy:85)
	at com.kms.katalon.core.webui.keyword.builtin.SetTextKeyword.execute(SetTextKeyword.groovy:39)
	at com.kms.katalon.core.keyword.internal.KeywordExecutor.executeKeywordForPlatform(KeywordExecutor.groovy:74)
	at com.kms.katalon.core.webui.keyword.WebUiBuiltInKeywords.setText(WebUiBuiltInKeywords.groovy:1019)
	at Script1707413896118.run(Script1707413896118.groovy:24)
	... 15 more
)
[[ATTACHMENT|C:\\Users\\itsam\\git\\Amazon_Katalon_SI_Project\\Reports\\20240209_021200\\Amazon_Test_Suite_Recording_Modes\\Amazon_Recording_Scenarios_001\\20240209_021200\\1707424964764.png]]]]></system-out>
         <system-err><![CDATA[09-02-2024T02:12:41 - [TEST_CASE][FAILED] - Test Cases/Amazon_Test_Cases/TC_Amazon_DeleteItemFromCart_005: Test Cases/Amazon_Test_Cases/TC_Amazon_DeleteItemFromCart_005 FAILED.
Reason:
com.kms.katalon.core.exception.StepFailedException: Unable to set text
	at com.kms.katalon.core.webui.keyword.internal.WebUIKeywordMain.stepFailed(WebUIKeywordMain.groovy:64)
	at com.kms.katalon.core.webui.keyword.internal.WebUIKeywordMain.runKeyword(WebUIKeywordMain.groovy:26)
	at com.kms.katalon.core.webui.keyword.builtin.SetTextKeyword.setText(SetTextKeyword.groovy:85)
	at com.kms.katalon.core.webui.keyword.builtin.SetTextKeyword.execute(SetTextKeyword.groovy:39)
	at com.kms.katalon.core.keyword.internal.KeywordExecutor.executeKeywordForPlatform(KeywordExecutor.groovy:74)
	at com.kms.katalon.core.webui.keyword.WebUiBuiltInKeywords.setText(WebUiBuiltInKeywords.groovy:1019)
	at TC_Amazon_DeleteItemFromCart_005.run(TC_Amazon_DeleteItemFromCart_005:24)
	at com.kms.katalon.core.main.ScriptEngine.run(ScriptEngine.java:194)
	at com.kms.katalon.core.main.ScriptEngine.runScriptAsRawText(ScriptEngine.java:119)
	at com.kms.katalon.core.main.TestCaseExecutor.runScript(TestCaseExecutor.java:448)
	at com.kms.katalon.core.main.TestCaseExecutor.doExecute(TestCaseExecutor.java:439)
	at com.kms.katalon.core.main.TestCaseExecutor.processExecutionPhase(TestCaseExecutor.java:418)
	at com.kms.katalon.core.main.TestCaseExecutor.accessMainPhase(TestCaseExecutor.java:410)
	at com.kms.katalon.core.main.TestCaseExecutor.execute(TestCaseExecutor.java:285)
	at com.kms.katalon.core.common.CommonExecutor.accessTestCaseMainPhase(CommonExecutor.java:65)
	at com.kms.katalon.core.main.TestSuiteExecutor.accessTestSuiteMainPhase(TestSuiteExecutor.java:148)
	at com.kms.katalon.core.main.TestSuiteExecutor.execute(TestSuiteExecutor.java:106)
	at com.kms.katalon.core.main.TestCaseMain.startTestSuite(TestCaseMain.java:180)
	at TempTestSuite1707424920374.run(TempTestSuite1707424920374.groovy:36)
	at java.base/jdk.internal.reflect.NativeMethodAccessorImpl.invoke0(Native Method)
	at java.base/jdk.internal.reflect.NativeMethodAccessorImpl.invoke(NativeMethodAccessorImpl.java:77)
	at java.base/jdk.internal.reflect.DelegatingMethodAccessorImpl.invoke(DelegatingMethodAccessorImpl.java:43)
Caused by: java.lang.IllegalArgumentException: Object is null
	at com.kms.katalon.core.helper.KeywordHelper.checkTestObjectParameter(KeywordHelper.java:33)
	at com.kms.katalon.core.webui.keyword.builtin.SetTextKeyword$_setText_closure1.doCall(SetTextKeyword.groovy:47)
	at com.kms.katalon.core.webui.keyword.builtin.SetTextKeyword$_setText_closure1.call(SetTextKeyword.groovy)
	at com.kms.katalon.core.webui.keyword.internal.WebUIKeywordMain.runKeyword(WebUIKeywordMain.groovy:20)
	... 20 more]]></system-err>
      </testcase>
      <testcase name="Test Cases/Amazon_Test_Cases/TC_Amazon_SearchItem_004" time="27.161" classname="Test Cases/Amazon_Test_Cases/TC_Amazon_SearchItem_004" status="PASSED">
         <system-out><![CDATA[09-02-2024T02:12:44 - [TEST_CASE][PASSED] - Test Cases/Amazon_Test_Cases/TC_Amazon_SearchItem_004: Test Cases/Amazon_Test_Cases/TC_Amazon_SearchItem_004

09-02-2024T02:12:45 - [TEST_STEP][PASSED] - openBrowser(""): Browser is opened with url: ''

09-02-2024T02:12:45 - [MESSAGE][WARNING] - A browser is already opened. Closing browser and opening a new one

09-02-2024T02:12:45 - [MESSAGE][INFO] - Starting 'Chrome' driver

09-02-2024T02:12:45 - [MESSAGE][INFO] - Action delay is set to 0 milliseconds

09-02-2024T02:12:46 - [MESSAGE][PASSED] - Browser is opened with url: ''

09-02-2024T02:12:46 - [TEST_STEP][PASSED] - navigateToUrl("https://www.amazon.com/"): Navigate to 'https://www.amazon.com/' successfully

09-02-2024T02:12:48 - [MESSAGE][PASSED] - Navigate to 'https://www.amazon.com/' successfully

09-02-2024T02:12:48 - [TEST_STEP][PASSED] - maximizeWindow(): Current window maximized

09-02-2024T02:12:48 - [MESSAGE][PASSED] - Current window maximized

09-02-2024T02:12:48 - [TEST_STEP][PASSED] - selectOptionByValue(findTestObject("Object Repository/Amazon_Search_Item_OR/Page_Amazon.com. Spend less. Smile more/select_All Departments        Arts  Crafts _135c92"), "search-alias=computers-intl-ship", true): All options with value 'search-alias=computers-intl-ship' are selected in object 'Object Repository/Amazon_Search_Item_OR/Page_Amazon.com. Spend less. Smile more/select_All Departments        Arts  Crafts _135c92'  using regular expression

09-02-2024T02:13:03 - [MESSAGE][PASSED] - All options with value 'search-alias=computers-intl-ship' are selected in object 'Object Repository/Amazon_Search_Item_OR/Page_Amazon.com. Spend less. Smile more/select_All Departments        Arts  Crafts _135c92'  using regular expression

09-02-2024T02:13:03 - [TEST_STEP][PASSED] - setText(findTestObject("Object Repository/Amazon_Search_Item_OR/Page_Amazon.com. Spend less. Smile more/input_Search Amazon_field-keywords"), "intel cpu"): Text 'intel cpu' is set on object 'Object Repository/Amazon_Search_Item_OR/Page_Amazon.com. Spend less. Smile more/input_Search Amazon_field-keywords'

09-02-2024T02:13:04 - [MESSAGE][PASSED] - Text 'intel cpu' is set on object 'Object Repository/Amazon_Search_Item_OR/Page_Amazon.com. Spend less. Smile more/input_Search Amazon_field-keywords'

09-02-2024T02:13:04 - [TEST_STEP][PASSED] - click(findTestObject("Object Repository/Amazon_Search_Item_OR/Page_Amazon.com. Spend less. Smile more/input_Search Amazon_nav-search-submit-button")): Object: 'Object Repository/Amazon_Search_Item_OR/Page_Amazon.com. Spend less. Smile more/input_Search Amazon_nav-search-submit-button' is clicked on

09-02-2024T02:13:11 - [MESSAGE][PASSED] - Object: 'Object Repository/Amazon_Search_Item_OR/Page_Amazon.com. Spend less. Smile more/input_Search Amazon_nav-search-submit-button' is clicked on

09-02-2024T02:13:11 - [TEST_STEP][PASSED] - closeBrowser(): Browser is closed

09-02-2024T02:13:12 - [MESSAGE][PASSED] - Browser is closed]]></system-out>
         <system-err><![CDATA[]]></system-err>
      </testcase>
      <testcase name="Test Cases/Amazon_Test_Cases/TC_Amazon_SignIn_002" time="27.426" classname="Test Cases/Amazon_Test_Cases/TC_Amazon_SignIn_002" status="PASSED">
         <system-out><![CDATA[09-02-2024T02:13:12 - [TEST_CASE][PASSED] - Test Cases/Amazon_Test_Cases/TC_Amazon_SignIn_002: Test Cases/Amazon_Test_Cases/TC_Amazon_SignIn_002

09-02-2024T02:13:12 - [TEST_STEP][PASSED] - openBrowser(""): Browser is opened with url: ''

09-02-2024T02:13:12 - [MESSAGE][INFO] - Starting 'Chrome' driver

09-02-2024T02:13:12 - [MESSAGE][INFO] - Action delay is set to 0 milliseconds

09-02-2024T02:13:13 - [MESSAGE][PASSED] - Browser is opened with url: ''

09-02-2024T02:13:13 - [TEST_STEP][PASSED] - navigateToUrl("https://www.amazon.com/"): Navigate to 'https://www.amazon.com/' successfully

09-02-2024T02:13:14 - [MESSAGE][PASSED] - Navigate to 'https://www.amazon.com/' successfully

09-02-2024T02:13:14 - [TEST_STEP][PASSED] - maximizeWindow(): Current window maximized

09-02-2024T02:13:14 - [MESSAGE][PASSED] - Current window maximized

09-02-2024T02:13:14 - [TEST_STEP][PASSED] - click(findTestObject("Object Repository/Amazon_Sign_in_Page_OR/Page_Amazon.com. Spend less. Smile more/span_Hello, sign in")): Object: 'Object Repository/Amazon_Sign_in_Page_OR/Page_Amazon.com. Spend less. Smile more/span_Hello, sign in' is clicked on

09-02-2024T02:13:25 - [MESSAGE][PASSED] - Object: 'Object Repository/Amazon_Sign_in_Page_OR/Page_Amazon.com. Spend less. Smile more/span_Hello, sign in' is clicked on

09-02-2024T02:13:25 - [TEST_STEP][PASSED] - setText(findTestObject("Object Repository/Amazon_Sign_in_Page_OR/Page_Amazon Sign-In/input_email"), "8897298271"): Text '8897298271' is set on object 'Object Repository/Amazon_Sign_in_Page_OR/Page_Amazon Sign-In/input_email'

09-02-2024T02:13:36 - [MESSAGE][PASSED] - Text '8897298271' is set on object 'Object Repository/Amazon_Sign_in_Page_OR/Page_Amazon Sign-In/input_email'

09-02-2024T02:13:36 - [TEST_STEP][PASSED] - click(findTestObject("Object Repository/Amazon_Sign_in_Page_OR/Page_Amazon Sign-In/inputcontinue")): Object: 'Object Repository/Amazon_Sign_in_Page_OR/Page_Amazon Sign-In/inputcontinue' is clicked on

09-02-2024T02:13:37 - [MESSAGE][PASSED] - Object: 'Object Repository/Amazon_Sign_in_Page_OR/Page_Amazon Sign-In/inputcontinue' is clicked on

09-02-2024T02:13:37 - [TEST_STEP][PASSED] - setEncryptedText(findTestObject("Object Repository/Amazon_Sign_in_Page_OR/Page_Amazon Sign-In/input_password"), "BAJT1ZPoE3l3o21u9YY6QQ=="): Text ****** has been set on object 'Object Repository/Amazon_Sign_in_Page_OR/Page_Amazon Sign-In/input_password'

09-02-2024T02:13:38 - [MESSAGE][PASSED] - Text ****** has been set on object 'Object Repository/Amazon_Sign_in_Page_OR/Page_Amazon Sign-In/input_password'

09-02-2024T02:13:38 - [TEST_STEP][PASSED] - click(findTestObject("Object Repository/Amazon_Sign_in_Page_OR/Page_Amazon Sign-In/inputsignInSubmit")): Object: 'Object Repository/Amazon_Sign_in_Page_OR/Page_Amazon Sign-In/inputsignInSubmit' is clicked on

09-02-2024T02:13:39 - [MESSAGE][PASSED] - Object: 'Object Repository/Amazon_Sign_in_Page_OR/Page_Amazon Sign-In/inputsignInSubmit' is clicked on

09-02-2024T02:13:39 - [TEST_STEP][PASSED] - closeBrowser(): Browser is closed

09-02-2024T02:13:39 - [MESSAGE][PASSED] - Browser is closed]]></system-out>
         <system-err><![CDATA[]]></system-err>
      </testcase>
      <system-out><![CDATA[09-02-2024T02:12:08 - [TEST_SUITE][FAILED] - Amazon_Recording_Scenarios_001: Test Cases/Amazon_Test_Cases/TC_Amazon_DeleteItemFromCart_005 FAILED.
Reason:
com.kms.katalon.core.exception.StepFailedException: Unable to set text
	at com.kms.katalon.core.webui.keyword.internal.WebUIKeywordMain.stepFailed(WebUIKeywordMain.groovy:64)
	at com.kms.katalon.core.webui.keyword.internal.WebUIKeywordMain.runKeyword(WebUIKeywordMain.groovy:26)
	at com.kms.katalon.core.webui.keyword.builtin.SetTextKeyword.setText(SetTextKeyword.groovy:85)
	at com.kms.katalon.core.webui.keyword.builtin.SetTextKeyword.execute(SetTextKeyword.groovy:39)
	at com.kms.katalon.core.keyword.internal.KeywordExecutor.executeKeywordForPlatform(KeywordExecutor.groovy:74)
	at com.kms.katalon.core.webui.keyword.WebUiBuiltInKeywords.setText(WebUiBuiltInKeywords.groovy:1019)
	at TC_Amazon_DeleteItemFromCart_005.run(TC_Amazon_DeleteItemFromCart_005:24)
	at com.kms.katalon.core.main.ScriptEngine.run(ScriptEngine.java:194)
	at com.kms.katalon.core.main.ScriptEngine.runScriptAsRawText(ScriptEngine.java:119)
	at com.kms.katalon.core.main.TestCaseExecutor.runScript(TestCaseExecutor.java:448)
	at com.kms.katalon.core.main.TestCaseExecutor.doExecute(TestCaseExecutor.java:439)
	at com.kms.katalon.core.main.TestCaseExecutor.processExecutionPhase(TestCaseExecutor.java:418)
	at com.kms.katalon.core.main.TestCaseExecutor.accessMainPhase(TestCaseExecutor.java:410)
	at com.kms.katalon.core.main.TestCaseExecutor.execute(TestCaseExecutor.java:285)
	at com.kms.katalon.core.common.CommonExecutor.accessTestCaseMainPhase(CommonExecutor.java:65)
	at com.kms.katalon.core.main.TestSuiteExecutor.accessTestSuiteMainPhase(TestSuiteExecutor.java:148)
	at com.kms.katalon.core.main.TestSuiteExecutor.execute(TestSuiteExecutor.java:106)
	at com.kms.katalon.core.main.TestCaseMain.startTestSuite(TestCaseMain.java:180)
	at TempTestSuite1707424920374.run(TempTestSuite1707424920374.groovy:36)
	at java.base/jdk.internal.reflect.NativeMethodAccessorImpl.invoke0(Native Method)
	at java.base/jdk.internal.reflect.NativeMethodAccessorImpl.invoke(NativeMethodAccessorImpl.java:77)
	at java.base/jdk.internal.reflect.DelegatingMethodAccessorImpl.invoke(DelegatingMethodAccessorImpl.java:43)
Caused by: java.lang.IllegalArgumentException: Object is null
	at com.kms.katalon.core.helper.KeywordHelper.checkTestObjectParameter(KeywordHelper.java:33)
	at com.kms.katalon.core.webui.keyword.builtin.SetTextKeyword$_setText_closure1.doCall(SetTextKeyword.groovy:47)
	at com.kms.katalon.core.webui.keyword.builtin.SetTextKeyword$_setText_closure1.call(SetTextKeyword.groovy)
	at com.kms.katalon.core.webui.keyword.internal.WebUIKeywordMain.runKeyword(WebUIKeywordMain.groovy:20)
	... 20 more]]></system-out>
      <system-err><![CDATA[09-02-2024T02:12:08 - [TEST_SUITE][FAILED] - Amazon_Recording_Scenarios_001: Test Cases/Amazon_Test_Cases/TC_Amazon_DeleteItemFromCart_005 FAILED.
Reason:
com.kms.katalon.core.exception.StepFailedException: Unable to set text
	at com.kms.katalon.core.webui.keyword.internal.WebUIKeywordMain.stepFailed(WebUIKeywordMain.groovy:64)
	at com.kms.katalon.core.webui.keyword.internal.WebUIKeywordMain.runKeyword(WebUIKeywordMain.groovy:26)
	at com.kms.katalon.core.webui.keyword.builtin.SetTextKeyword.setText(SetTextKeyword.groovy:85)
	at com.kms.katalon.core.webui.keyword.builtin.SetTextKeyword.execute(SetTextKeyword.groovy:39)
	at com.kms.katalon.core.keyword.internal.KeywordExecutor.executeKeywordForPlatform(KeywordExecutor.groovy:74)
	at com.kms.katalon.core.webui.keyword.WebUiBuiltInKeywords.setText(WebUiBuiltInKeywords.groovy:1019)
	at TC_Amazon_DeleteItemFromCart_005.run(TC_Amazon_DeleteItemFromCart_005:24)
	at com.kms.katalon.core.main.ScriptEngine.run(ScriptEngine.java:194)
	at com.kms.katalon.core.main.ScriptEngine.runScriptAsRawText(ScriptEngine.java:119)
	at com.kms.katalon.core.main.TestCaseExecutor.runScript(TestCaseExecutor.java:448)
	at com.kms.katalon.core.main.TestCaseExecutor.doExecute(TestCaseExecutor.java:439)
	at com.kms.katalon.core.main.TestCaseExecutor.processExecutionPhase(TestCaseExecutor.java:418)
	at com.kms.katalon.core.main.TestCaseExecutor.accessMainPhase(TestCaseExecutor.java:410)
	at com.kms.katalon.core.main.TestCaseExecutor.execute(TestCaseExecutor.java:285)
	at com.kms.katalon.core.common.CommonExecutor.accessTestCaseMainPhase(CommonExecutor.java:65)
	at com.kms.katalon.core.main.TestSuiteExecutor.accessTestSuiteMainPhase(TestSuiteExecutor.java:148)
	at com.kms.katalon.core.main.TestSuiteExecutor.execute(TestSuiteExecutor.java:106)
	at com.kms.katalon.core.main.TestCaseMain.startTestSuite(TestCaseMain.java:180)
	at TempTestSuite1707424920374.run(TempTestSuite1707424920374.groovy:36)
	at java.base/jdk.internal.reflect.NativeMethodAccessorImpl.invoke0(Native Method)
	at java.base/jdk.internal.reflect.NativeMethodAccessorImpl.invoke(NativeMethodAccessorImpl.java:77)
	at java.base/jdk.internal.reflect.DelegatingMethodAccessorImpl.invoke(DelegatingMethodAccessorImpl.java:43)
Caused by: java.lang.IllegalArgumentException: Object is null
	at com.kms.katalon.core.helper.KeywordHelper.checkTestObjectParameter(KeywordHelper.java:33)
	at com.kms.katalon.core.webui.keyword.builtin.SetTextKeyword$_setText_closure1.doCall(SetTextKeyword.groovy:47)
	at com.kms.katalon.core.webui.keyword.builtin.SetTextKeyword$_setText_closure1.call(SetTextKeyword.groovy)
	at com.kms.katalon.core.webui.keyword.internal.WebUIKeywordMain.runKeyword(WebUIKeywordMain.groovy:20)
	... 20 more]]></system-err>
   </testsuite>
</testsuites>
